<?xml version="1.0" encoding="UTF-8"?>
<!-- Generated by org.testng.reporters.JUnitXMLReporter -->
<testsuite ignored="2" hostname="DESKTOP-QJH4EFE" failures="0" tests="4" name="Default test" time="7.885" errors="0" timestamp="2024-10-09T18:05:01 IST">
  <testcase classname="api.test.DDTest" name="deleteCreatedUser" time="3.274"/>
  <testcase classname="api.test.DDTest" name="deleteCreatedUser" time="1.165"/>
  <testcase classname="api.test.DDTest" name="deleteCreatedUser" time="1.122"/>
  <testcase classname="api.test.DDTest" name="deleteCreatedUser" time="1.118"/>
  <testcase classname="api.test.DDTest" name="testUpdateUser" time="0.0">
    <ignored/>
  </testcase> <!-- testUpdateUser -->
  <testcase classname="api.test.DDTest" name="testPostUser" time="0.0">
    <ignored/>
  </testcase> <!-- testPostUser -->
</testsuite> <!-- Default test -->
