<?xml version="1.0" encoding="UTF-8"?>
<!-- Generated by org.testng.reporters.JUnitXMLReporter -->
<testsuite ignored="0" hostname="DESKTOP-QJH4EFE" failures="0" tests="4" name="Test" time="12.815" errors="0" timestamp="2024-10-23T17:15:25 IST">
  <testcase classname="api.test.UserTestcase" name="validateCreateUser" time="4.421"/>
  <testcase classname="api.test.UserTestcase" name="validateGetUser" time="1.943"/>
  <testcase classname="api.test.UserTestcase" name="ValidateUpdateUserDetails" time="3.622"/>
  <testcase classname="api.test.UserTestcase" name="validateDeleteUserDetails" time="1.342"/>
</testsuite> <!-- Test -->
