<?xml version="1.0" encoding="UTF-8"?>
<testng-results ignored="0" total="4" passed="4" failed="0" skipped="0">
  <reporter-output>
  </reporter-output>
  <suite started-at="2024-11-05T11:17:13 IST" name="Suite" finished-at="2024-11-05T11:17:28 IST" duration-ms="14194">
    <groups>
    </groups>
    <test started-at="2024-11-05T11:17:13 IST" name="Test" finished-at="2024-11-05T11:17:28 IST" duration-ms="14194">
      <class name="api.test.UserTestcase">
        <test-method is-config="true" signature="setUserPayload()[pri:0, instance:api.test.UserTestcase@20d28811]" started-at="2024-11-05T11:17:14 IST" name="setUserPayload" finished-at="2024-11-05T11:17:17 IST" duration-ms="2364" status="PASS">
          <reporter-output>
          </reporter-output>
        </test-method> <!-- setUserPayload -->
        <test-method signature="validateCreateUser()[pri:1, instance:api.test.UserTestcase@20d28811]" started-at="2024-11-05T11:17:17 IST" name="validateCreateUser" finished-at="2024-11-05T11:17:22 IST" duration-ms="5198" status="PASS">
          <reporter-output>
          </reporter-output>
        </test-method> <!-- validateCreateUser -->
        <test-method signature="validateGetUser()[pri:2, instance:api.test.UserTestcase@20d28811]" started-at="2024-11-05T11:17:22 IST" name="validateGetUser" finished-at="2024-11-05T11:17:24 IST" duration-ms="1431" status="PASS">
          <reporter-output>
          </reporter-output>
        </test-method> <!-- validateGetUser -->
        <test-method signature="ValidateUpdateUserDetails()[pri:3, instance:api.test.UserTestcase@20d28811]" started-at="2024-11-05T11:17:24 IST" name="ValidateUpdateUserDetails" finished-at="2024-11-05T11:17:26 IST" duration-ms="2696" status="PASS">
          <reporter-output>
          </reporter-output>
        </test-method> <!-- ValidateUpdateUserDetails -->
        <test-method signature="validateDeleteUserDetails()[pri:4, instance:api.test.UserTestcase@20d28811]" started-at="2024-11-05T11:17:26 IST" name="validateDeleteUserDetails" finished-at="2024-11-05T11:17:28 IST" duration-ms="1315" status="PASS">
          <reporter-output>
          </reporter-output>
        </test-method> <!-- validateDeleteUserDetails -->
      </class> <!-- api.test.UserTestcase -->
    </test> <!-- Test -->
  </suite> <!-- Suite -->
</testng-results>
