<?xml version="1.0" encoding="UTF-8"?>
<testng-results ignored="0" total="4" passed="4" failed="0" skipped="0">
  <reporter-output>
  </reporter-output>
  <suite started-at="2024-10-23T17:15:12 IST" name="Suite" finished-at="2024-10-23T17:15:24 IST" duration-ms="12815">
    <groups>
    </groups>
    <test started-at="2024-10-23T17:15:12 IST" name="Test" finished-at="2024-10-23T17:15:24 IST" duration-ms="12815">
      <class name="api.test.UserTestcase">
        <test-method is-config="true" signature="setUserPayload()[pri:0, instance:api.test.UserTestcase@10683d9d]" started-at="2024-10-23T17:15:12 IST" name="setUserPayload" finished-at="2024-10-23T17:15:13 IST" duration-ms="952" status="PASS">
          <reporter-output>
          </reporter-output>
        </test-method> <!-- setUserPayload -->
        <test-method signature="validateCreateUser()[pri:1, instance:api.test.UserTestcase@10683d9d]" started-at="2024-10-23T17:15:13 IST" name="validateCreateUser" finished-at="2024-10-23T17:15:17 IST" duration-ms="4421" status="PASS">
          <reporter-output>
          </reporter-output>
        </test-method> <!-- validateCreateUser -->
        <test-method signature="validateGetUser()[pri:2, instance:api.test.UserTestcase@10683d9d]" started-at="2024-10-23T17:15:17 IST" name="validateGetUser" finished-at="2024-10-23T17:15:19 IST" duration-ms="1943" status="PASS">
          <reporter-output>
          </reporter-output>
        </test-method> <!-- validateGetUser -->
        <test-method signature="ValidateUpdateUserDetails()[pri:3, instance:api.test.UserTestcase@10683d9d]" started-at="2024-10-23T17:15:19 IST" name="ValidateUpdateUserDetails" finished-at="2024-10-23T17:15:23 IST" duration-ms="3622" status="PASS">
          <reporter-output>
          </reporter-output>
        </test-method> <!-- ValidateUpdateUserDetails -->
        <test-method signature="validateDeleteUserDetails()[pri:4, instance:api.test.UserTestcase@10683d9d]" started-at="2024-10-23T17:15:23 IST" name="validateDeleteUserDetails" finished-at="2024-10-23T17:15:24 IST" duration-ms="1342" status="PASS">
          <reporter-output>
          </reporter-output>
        </test-method> <!-- validateDeleteUserDetails -->
      </class> <!-- api.test.UserTestcase -->
    </test> <!-- Test -->
  </suite> <!-- Suite -->
</testng-results>
